[debug] [2025-09-26T14:14:10.917Z] ----------------------------------------------------------------------
[debug] [2025-09-26T14:14:10.919Z] Command:       C:\Program Files\nodejs\node.exe C:\Users\dakan\AppData\Roaming\npm\node_modules\firebase-tools\lib\bin\firebase.js init
[debug] [2025-09-26T14:14:10.920Z] CLI Version:   14.17.0
[debug] [2025-09-26T14:14:10.920Z] Platform:      win32
[debug] [2025-09-26T14:14:10.920Z] Node Version:  v22.19.0
[debug] [2025-09-26T14:14:10.920Z] Time:          Fri Sep 26 2025 16:14:10 GMT+0200 (Central European Summer Time)
[debug] [2025-09-26T14:14:10.920Z] ----------------------------------------------------------------------
[debug] 
[debug] [2025-09-26T14:14:11.062Z] > command requires scopes: ["email","openid","https://www.googleapis.com/auth/cloudplatformprojects.readonly","https://www.googleapis.com/auth/firebase","https://www.googleapis.com/auth/cloud-platform"]
[debug] [2025-09-26T14:14:11.063Z] > authorizing via signed-in user (dakanadaka@gmail.com)
[info] 
     ######## #### ########  ######## ########     ###     ######  ########
     ##        ##  ##     ## ##       ##     ##  ##   ##  ##       ##
     ######    ##  ########  ######   ########  #########  ######  ######
     ##        ##  ##    ##  ##       ##     ## ##     ##       ## ##
     ##       #### ##     ## ######## ########  ##     ##  ######  ########

You're about to initialize a Firebase project in this directory:

  C:\Users\dakan\Documents\GitHub\browsing\docs

Before we get started, keep in mind:

  * You are initializing within an existing Firebase project directory

[info] 
=== Project Setup
[info] 
[info] First, let's associate this project directory with a Firebase project.
[info] You can create multiple project aliases by running firebase use --add, 
[info] but for now we'll just set up a default project.
[info] 
[debug] [2025-09-26T14:14:17.372Z] Using project from CLI flag: to-code-or-to-ai-code
[debug] [2025-09-26T14:14:17.373Z] Checked if tokens are valid: true, expires at: 1758897050893
[debug] [2025-09-26T14:14:17.374Z] Checked if tokens are valid: true, expires at: 1758897050893
[debug] [2025-09-26T14:14:17.376Z] >>> [apiv2][query] GET https://firebase.googleapis.com/v1beta1/projects/to-code-or-to-ai-code [none]
[debug] [2025-09-26T14:14:17.745Z] <<< [apiv2][status] GET https://firebase.googleapis.com/v1beta1/projects/to-code-or-to-ai-code 403
[debug] [2025-09-26T14:14:17.746Z] <<< [apiv2][body] GET https://firebase.googleapis.com/v1beta1/projects/to-code-or-to-ai-code {"error":{"code":403,"message":"The caller does not have permission","status":"PERMISSION_DENIED"}}
[debug] [2025-09-26T14:14:17.747Z] Request to https://firebase.googleapis.com/v1beta1/projects/to-code-or-to-ai-code had HTTP Error: 403, The caller does not have permission
[debug] [2025-09-26T14:14:17.794Z] FirebaseError: Request to https://firebase.googleapis.com/v1beta1/projects/to-code-or-to-ai-code had HTTP Error: 403, The caller does not have permission
    at responseToError (C:\Users\dakan\AppData\Roaming\npm\node_modules\firebase-tools\lib\responseToError.js:52:12)
    at RetryOperation._fn (C:\Users\dakan\AppData\Roaming\npm\node_modules\firebase-tools\lib\apiv2.js:312:77)
    at process.processTicksAndRejections (node:internal/process/task_queues:105:5)
[error] 
[error] Error: Failed to get Firebase project to-code-or-to-ai-code. Please make sure the project exists and your account has permission to access it.
